<?xml version="1.0" encoding="UTF-8"?>
<!-- Generated by org.testng.reporters.JUnitReportReporter -->
<testsuite hostname="DESKTOP-RNIOPJD" failures="0" tests="3" name="prioritization.Prior" time="20.589" errors="0" timestamp="2025-09-16T08:02:46 IST" skipped="0">
  <testcase classname="prioritization.Prior" name="Registration" time="7.928"/>
  <testcase classname="prioritization.Prior" name="Login" time="4.093"/>
  <testcase classname="prioritization.Prior" name="ForgotPassword" time="8.568"/>
</testsuite> <!-- prioritization.Prior -->
