<?xml version="1.0" encoding="UTF-8"?>
<!-- Generated by org.testng.reporters.JUnitReportReporter -->
<testsuite hostname="DESKTOP-RNIOPJD" failures="0" tests="3" name="parallelTesting.Adactine" time="9.184" errors="0" timestamp="2025-09-18T21:23:51 IST" skipped="0">
  <testcase classname="parallelTesting.Adactine" name="login" time="3.195"/>
  <testcase classname="parallelTesting.Adactine" name="searchHotel" time="0.506"/>
  <testcase classname="parallelTesting.Adactine" name="selectHotel" time="5.483"/>
</testsuite> <!-- parallelTesting.Adactine -->
