<?xml version="1.0" encoding="UTF-8"?>
<!-- Generated by org.testng.reporters.JUnitReportReporter -->
<testsuite hostname="DESKTOP-RNIOPJD" failures="0" tests="5" name="dataProvider.DataProviders" time="22.865" errors="0" timestamp="2025-09-19T02:40:57 IST" skipped="0">
  <testcase classname="dataProvider.DataProviders" name="login" time="4.123"/>
  <testcase classname="dataProvider.DataProviders" name="login" time="3.806"/>
  <testcase classname="dataProvider.DataProviders" name="login" time="6.114"/>
  <testcase classname="dataProvider.DataProviders" name="login" time="4.767"/>
  <testcase classname="dataProvider.DataProviders" name="login" time="4.055"/>
</testsuite> <!-- dataProvider.DataProviders -->
