<?xml version="1.0" encoding="UTF-8"?>
<!-- Generated by org.testng.reporters.JUnitReportReporter -->
<testsuite hostname="DESKTOP-RNIOPJD" failures="0" tests="1" name="annotation.Anno" time="0.009" errors="0" timestamp="2025-09-16T06:59:21 IST" skipped="0">
  <testcase classname="annotation.Anno" name="method9" time="0.009"/>
</testsuite> <!-- annotation.Anno -->
