<?xml version="1.0" encoding="UTF-8"?>
<!-- Generated by org.testng.reporters.JUnitReportReporter -->
<testsuite hostname="DESKTOP-RNIOPJD" failures="0" tests="3" name="invocationCount.Count" time="15.831" errors="0" timestamp="2025-09-18T09:05:33 IST" skipped="0">
  <testcase classname="invocationCount.Count" name="LoginFunctionality" time="5.573"/>
  <testcase classname="invocationCount.Count" name="LoginFunctionality" time="4.706"/>
  <testcase classname="invocationCount.Count" name="LoginFunctionality" time="5.552"/>
</testsuite> <!-- invocationCount.Count -->
