<?xml version="1.0" encoding="UTF-8"?>
<!-- Generated by org.testng.reporters.JUnitReportReporter -->
<testsuite hostname="DESKTOP-RNIOPJD" failures="0" tests="6" name="pomPageTestcases.TC_BookItineary" time="30.120" errors="0" timestamp="2025-09-24T16:27:13 IST" skipped="0">
  <testcase classname="pomPageTestcases.TC_BookItineary" name="login" time="3.275"/>
  <testcase classname="pomPageTestcases.TC_BookItineary" name="BookHotel" time="0.685"/>
  <testcase classname="pomPageTestcases.TC_BookItineary" name="BookedItinerary" time="3.014"/>
  <testcase classname="pomPageTestcases.TC_BookItineary" name="SelectHotel" time="3.408"/>
  <testcase classname="pomPageTestcases.TC_BookItineary" name="SearchHotel" time="3.772"/>
  <testcase classname="pomPageTestcases.TC_BookItineary" name="ConfirmHotel" time="15.966"/>
</testsuite> <!-- pomPageTestcases.TC_BookItineary -->
