<?xml version="1.0" encoding="UTF-8"?>
<!-- Generated by org.testng.reporters.JUnitReportReporter -->
<testsuite hostname="DESKTOP-RNIOPJD" failures="0" tests="2" name="Anno" time="0.019" errors="0" timestamp="2025-09-15T11:33:13 IST" skipped="0">
  <testcase classname="Anno" name="select" time="0.002"/>
  <testcase classname="Anno" name="search" time="0.017"/>
</testsuite> <!-- Anno -->
