<?xml version="1.0" encoding="UTF-8"?>
<!-- Generated by org.testng.reporters.JUnitReportReporter -->
<testsuite hostname="DESKTOP-RNIOPJD" failures="0" tests="1" name="annotations.Anno1" time="0.010" errors="0" timestamp="2025-09-10T12:44:51 IST" skipped="0">
  <testcase classname="annotations.Anno1" name="method9" time="0.010"/>
</testsuite> <!-- annotations.Anno1 -->
