<?xml version="1.0" encoding="UTF-8"?>
<!-- Generated by org.testng.reporters.JUnitReportReporter -->
<testsuite hostname="DESKTOP-RNIOPJD" failures="0" tests="3" name="parallelTesting.CyclosApp" time="11.493" errors="0" timestamp="2025-09-18T21:23:51 IST" skipped="0">
  <testcase classname="parallelTesting.CyclosApp" name="loginFunctionality" time="5.129"/>
  <testcase classname="parallelTesting.CyclosApp" name="logout" time="3.126"/>
  <testcase classname="parallelTesting.CyclosApp" name="relogin" time="3.238"/>
</testsuite> <!-- parallelTesting.CyclosApp -->
