<?xml version="1.0" encoding="UTF-8"?>
<!-- Generated by org.testng.reporters.JUnitReportReporter -->
<testsuite hostname="DESKTOP-RNIOPJD" failures="0" tests="2" name="annotation.Anno1" time="0.019" errors="0" timestamp="2025-09-16T06:59:41 IST" skipped="0">
  <testcase classname="annotation.Anno1" name="search" time="0.015"/>
  <testcase classname="annotation.Anno1" name="select" time="0.004"/>
</testsuite> <!-- annotation.Anno1 -->
