<?xml version="1.0" encoding="UTF-8"?>
<!-- Generated by org.testng.reporters.JUnitReportReporter -->
<testsuite hostname="DESKTOP-RNIOPJD" failures="0" tests="3" name="parameterization.CrossBrowserTesting" time="6.580" errors="0" timestamp="2025-09-17T09:00:15 IST" skipped="0">
  <testcase classname="parameterization.CrossBrowserTesting" name="login" time="4.645"/>
  <testcase classname="parameterization.CrossBrowserTesting" name="searchHotel" time="0.972"/>
  <testcase classname="parameterization.CrossBrowserTesting" name="selectHotel" time="0.963"/>
</testsuite> <!-- parameterization.CrossBrowserTesting -->
