<?xml version="1.0" encoding="UTF-8"?>
<!-- Generated by org.testng.reporters.JUnitReportReporter -->
<testsuite hostname="DESKTOP-RNIOPJD" failures="0" tests="3" name="pomPageTestcases.SelectHotelTestcases" time="17.511" errors="0" timestamp="2025-09-22T09:25:25 IST" skipped="0">
  <testcase classname="pomPageTestcases.SelectHotelTestcases" name="SelectHotel" time="5.768"/>
  <testcase classname="pomPageTestcases.SelectHotelTestcases" name="login" time="6.147"/>
  <testcase classname="pomPageTestcases.SelectHotelTestcases" name="SearchHotel" time="5.596"/>
</testsuite> <!-- pomPageTestcases.SelectHotelTestcases -->
