<?xml version="1.0" encoding="UTF-8"?>
<!-- Generated by org.testng.reporters.JUnitReportReporter -->
<testsuite hostname="DESKTOP-RNIOPJD" failures="0" tests="3" name="assertions.SoftAssertions" time="14.588" errors="0" timestamp="2025-09-19T00:46:50 IST" skipped="0">
  <testcase classname="assertions.SoftAssertions" name="login" time="4.233"/>
  <testcase classname="assertions.SoftAssertions" name="verifyTheSearchHotel" time="3.976"/>
  <testcase classname="assertions.SoftAssertions" name="selectHotel" time="6.379"/>
</testsuite> <!-- assertions.SoftAssertions -->
