<?xml version="1.0" encoding="UTF-8"?>
<!-- Generated by org.testng.reporters.JUnitReportReporter -->
<testsuite hostname="DESKTOP-RNIOPJD" failures="0" tests="6" name="pomPageTestcases.TC_BookItinerary" time="56.676" errors="0" timestamp="2025-09-27T20:48:13 IST" skipped="0">
  <testcase classname="pomPageTestcases.TC_BookItinerary" name="BookedItinerary" time="3.010"/>
  <testcase classname="pomPageTestcases.TC_BookItinerary" name="SearchHotel" time="3.992"/>
  <testcase classname="pomPageTestcases.TC_BookItinerary" name="ConfirmHotel" time="39.303"/>
  <testcase classname="pomPageTestcases.TC_BookItinerary" name="BookHotel" time="0.990"/>
  <testcase classname="pomPageTestcases.TC_BookItinerary" name="SelectHotel" time="4.808"/>
  <testcase classname="pomPageTestcases.TC_BookItinerary" name="login" time="4.573"/>
</testsuite> <!-- pomPageTestcases.TC_BookItinerary -->
