<?xml version="1.0" encoding="UTF-8"?>
<!-- Generated by org.testng.reporters.JUnitReportReporter -->
<testsuite hostname="DESKTOP-RNIOPJD" failures="0" tests="2" name="pomPageTestcases.SearchHotelTestcases" time="8.096" errors="0" timestamp="2025-09-20T01:03:03 IST" skipped="0">
  <testcase classname="pomPageTestcases.SearchHotelTestcases" name="SearchHotel" time="3.759"/>
  <testcase classname="pomPageTestcases.SearchHotelTestcases" name="login" time="4.337"/>
</testsuite> <!-- pomPageTestcases.SearchHotelTestcases -->
