<?xml version="1.0" encoding="UTF-8"?>
<!-- Generated by org.testng.reporters.JUnitReportReporter -->
<testsuite hostname="DESKTOP-RNIOPJD" failures="0" tests="4" name="grouping.Group" time="0.018" errors="0" timestamp="2025-09-17T11:53:15 IST" skipped="0">
  <testcase classname="grouping.Group" name="search" time="0.014"/>
  <testcase classname="grouping.Group" name="select" time="0.001"/>
  <testcase classname="grouping.Group" name="abs" time="0.003"/>
  <testcase classname="grouping.Group" name="bnv" time="0.000"/>
</testsuite> <!-- grouping.Group -->
