<?xml version="1.0" encoding="UTF-8"?>
<!-- Generated by org.testng.reporters.JUnitReportReporter -->
<testsuite hostname="DESKTOP-RNIOPJD" failures="0" tests="1" name="pomPageTestcases.LoginTestCases" time="4.370" errors="0" timestamp="2025-09-20T01:02:17 IST" skipped="0">
  <testcase classname="pomPageTestcases.LoginTestCases" name="login" time="4.370"/>
</testsuite> <!-- pomPageTestcases.LoginTestCases -->
