<?xml version="1.0" encoding="UTF-8"?>
<!-- Generated by org.testng.reporters.JUnitReportReporter -->
<testsuite hostname="DESKTOP-RNIOPJD" failures="0" tests="1" name="pomPageTestcases.TestCases" time="1.564" errors="0" timestamp="2025-09-19T14:20:46 IST" skipped="0">
  <testcase classname="pomPageTestcases.TestCases" name="loginp" time="1.564"/>
</testsuite> <!-- pomPageTestcases.TestCases -->
