<?xml version="1.0" encoding="UTF-8"?>
<!-- Generated by org.testng.reporters.JUnitReportReporter -->
<testsuite hostname="DESKTOP-RNIOPJD" failures="0" tests="3" name="dependsOnMethod.DependsOnMethod" time="14.055" errors="0" timestamp="2025-09-16T11:48:19 IST" skipped="0">
  <testcase classname="dependsOnMethod.DependsOnMethod" name="searchHotel" time="5.801"/>
  <testcase classname="dependsOnMethod.DependsOnMethod" name="selectHotel" time="3.658"/>
  <testcase classname="dependsOnMethod.DependsOnMethod" name="login" time="4.596"/>
</testsuite> <!-- dependsOnMethod.DependsOnMethod -->
