<?xml version="1.0" encoding="UTF-8"?>
<!-- Generated by org.testng.reporters.JUnitReportReporter -->
<testsuite hostname="DESKTOP-RNIOPJD" failures="0" tests="4" name="pomPageTestcases.TC_Book" time="12.370" errors="0" timestamp="2025-09-24T15:44:39 IST" skipped="0">
  <testcase classname="pomPageTestcases.TC_Book" name="BookHotel" time="0.686"/>
  <testcase classname="pomPageTestcases.TC_Book" name="SelectHotel" time="3.423"/>
  <testcase classname="pomPageTestcases.TC_Book" name="login" time="4.367"/>
  <testcase classname="pomPageTestcases.TC_Book" name="SearchHotel" time="3.894"/>
</testsuite> <!-- pomPageTestcases.TC_Book -->
