<?xml version="1.0" encoding="UTF-8"?>
<!-- Generated by org.testng.reporters.JUnitReportReporter -->
<testsuite hostname="DESKTOP-RNIOPJD" failures="0" tests="5" name="pomPageTestcases.TC_ComirmHotel" time="47.021" errors="0" timestamp="2025-09-24T16:03:26 IST" skipped="0">
  <testcase classname="pomPageTestcases.TC_ComirmHotel" name="BookHotel" time="0.707"/>
  <testcase classname="pomPageTestcases.TC_ComirmHotel" name="login" time="4.236"/>
  <testcase classname="pomPageTestcases.TC_ComirmHotel" name="SelectHotel" time="3.418"/>
  <testcase classname="pomPageTestcases.TC_ComirmHotel" name="ConfirmHotel" time="34.853"/>
  <testcase classname="pomPageTestcases.TC_ComirmHotel" name="SearchHotel" time="3.807"/>
</testsuite> <!-- pomPageTestcases.TC_ComirmHotel -->
