<?xml version="1.0" encoding="UTF-8"?>
<!-- Generated by org.testng.reporters.JUnitReportReporter -->
<testsuite hostname="DESKTOP-RNIOPJD" failures="0" tests="1" name="framework.Annotation" time="0.020" errors="0" timestamp="2025-09-09T15:42:38 IST" skipped="0">
  <testcase classname="framework.Annotation" name="method9" time="0.020"/>
</testsuite> <!-- framework.Annotation -->
